<?xml version="1.0" encoding="utf-8"?><testsuites name="pytest tests"><testsuite name="pytest" errors="0" failures="0" skipped="2" tests="58" time="26.204" timestamp="2026-06-30T09:34:31.141599+00:00" hostname="agent-env-a0064790-ed63-4eb5-8930-981e2f22805b"><testcase classname="backend.tests.test_fynora_api.TestAuth" name="test_root" time="0.213" /><testcase classname="backend.tests.test_fynora_api.TestAuth" name="test_login_success" time="0.274" /><testcase classname="backend.tests.test_fynora_api.TestAuth" name="test_login_wrong_password" time="0.270" /><testcase classname="backend.tests.test_fynora_api.TestAuth" name="test_me_without_token" time="0.052" /><testcase classname="backend.tests.test_fynora_api.TestAuth" name="test_me_with_token" time="0.049" /><testcase classname="backend.tests.test_fynora_api.TestAuth" name="test_signup_duplicate" time="0.052" /><testcase classname="backend.tests.test_fynora_api.TestAuth" name="test_signup_new_user" time="0.273" /><testcase classname="backend.tests.test_fynora_api.TestAuth" name="test_forgot_password_does_not_leak_token" time="0.551" /><testcase classname="backend.tests.test_fynora_api.TestAuth" name="test_reset_password_invalid_token" time="0.049" /><testcase classname="backend.tests.test_fynora_api.TestAuth" name="test_google_session_invalid" time="0.133" /><testcase classname="backend.tests.test_fynora_api.TestTransactions" name="test_create_txn_swiggy_food" time="0.053" /><testcase classname="backend.tests.test_fynora_api.TestTransactions" name="test_create_txn_amazon_shopping" time="0.058" /><testcase classname="backend.tests.test_fynora_api.TestTransactions" name="test_list_txns_month" time="0.054" /><testcase classname="backend.tests.test_fynora_api.TestTransactions" name="test_list_txns_today" time="0.053" /><testcase classname="backend.tests.test_fynora_api.TestTransactions" name="test_list_txns_week" time="0.050" /><testcase classname="backend.tests.test_fynora_api.TestTransactions" name="test_list_txns_all" time="0.055" /><testcase classname="backend.tests.test_fynora_api.TestTransactions" name="test_list_txns_filter_category" time="0.049" /><testcase classname="backend.tests.test_fynora_api.TestTransactions" name="test_list_txns_search" time="0.049" /><testcase classname="backend.tests.test_fynora_api.TestTransactions" name="test_parse_sms" time="0.051" /><testcase classname="backend.tests.test_fynora_api.TestTransactions" name="test_parse_sms_dedup" time="0.051" /><testcase classname="backend.tests.test_fynora_api.TestTransactions" name="test_delete_txn" time="0.099" /><testcase classname="backend.tests.test_fynora_api.TestDashboard" name="test_dashboard" time="0.052" /><testcase classname="backend.tests.test_fynora_api.TestDashboard" name="test_streak" time="0.051" /><testcase classname="backend.tests.test_fynora_api.TestDashboard" name="test_merchants" time="0.051" /><testcase classname="backend.tests.test_fynora_api.TestDashboard" name="test_calendar" time="0.052" /><testcase classname="backend.tests.test_fynora_api.TestDashboard" name="test_recurring" time="0.051" /><testcase classname="backend.tests.test_fynora_api.TestBudgets" name="test_create_budget" time="0.051" /><testcase classname="backend.tests.test_fynora_api.TestBudgets" name="test_list_budgets" time="0.048" /><testcase classname="backend.tests.test_fynora_api.TestBudgets" name="test_budget_upsert" time="0.100" /><testcase classname="backend.tests.test_fynora_api.TestBudgets" name="test_delete_budget" time="0.062" /><testcase classname="backend.tests.test_fynora_api.TestGoals" name="test_create_goal" time="0.048" /><testcase classname="backend.tests.test_fynora_api.TestGoals" name="test_list_goals" time="0.049" /><testcase classname="backend.tests.test_fynora_api.TestGoals" name="test_update_goal" time="0.103" /><testcase classname="backend.tests.test_fynora_api.TestGoals" name="test_delete_goal" time="0.050" /><testcase classname="backend.tests.test_fynora_api.TestInsights" name="test_insights" time="5.060" /><testcase classname="backend.tests.test_fynora_api.TestInsights" name="test_insights_refresh" time="4.856" /><testcase classname="backend.tests.test_fynora_api.TestInsights" name="test_weekly_report" time="0.058" /><testcase classname="backend.tests.test_fynora_api.TestInsights" name="test_achievements" time="0.053" /><testcase classname="backend.tests.test_fynora_api.TestMisc" name="test_settings_patch" time="0.050" /><testcase classname="backend.tests.test_fynora_api.TestMisc" name="test_export_csv" time="0.057" /><testcase classname="backend.tests.test_fynora_api.TestMisc" name="test_register_push_expected_500" time="0.158" /><testcase classname="backend.tests.test_fynora_api.TestBackupRestore" name="test_backup_export" time="0.533" /><testcase classname="backend.tests.test_fynora_api.TestBackupRestore" name="test_restore_replace_false_no_dupes" time="0.151" /><testcase classname="backend.tests.test_fynora_api.TestBackupRestore" name="test_restore_replace_true_wipes_existing" time="0.265" /><testcase classname="backend.tests.test_fynora_api.TestBackupRestore" name="test_restore_unauthorized" time="0.053" /><testcase classname="backend.tests.test_fynora_api.TestBackupRestore" name="test_backup_unauthorized" time="0.048" /><testcase classname="backend.tests.test_security_fixes.TestSEC001ForgotPasswordNoTokenLeak" name="test_forgot_password_existing_email_does_not_leak_token" time="0.554" /><testcase classname="backend.tests.test_security_fixes.TestSEC001ForgotPasswordNoTokenLeak" name="test_forgot_password_non_existing_email_same_response" time="0.605" /><testcase classname="backend.tests.test_security_fixes.TestSEC001ForgotPasswordNoTokenLeak" name="test_reset_password_with_never_issued_token_returns_400" time="0.050" /><testcase classname="backend.tests.test_security_fixes.TestSEC001ForgotPasswordNoTokenLeak" name="test_reset_password_token_is_single_use" time="0.559"><skipped type="pytest.skip" message="Reset token not exposed in logs (expected after SEC-001 fix); cannot self-issue &amp; test single-use without DB access">/app/backend/tests/test_security_fixes.py:76: Reset token not exposed in logs (expected after SEC-001 fix); cannot self-issue &amp; test single-use without DB access</skipped></testcase><testcase classname="backend.tests.test_security_fixes.TestSEC002TokenVersionRevocation" name="test_login_token_has_tv_claim" time="0.274" /><testcase classname="backend.tests.test_security_fixes.TestSEC002TokenVersionRevocation" name="test_logout_revokes_old_jwt" time="0.425" /><testcase classname="backend.tests.test_security_fixes.TestSEC002TokenVersionRevocation" name="test_password_reset_invalidates_old_jwt" time="0.699"><skipped type="pytest.skip" message="Raw reset token unavailable in logs (correct after SEC-001); validated token_version bump via logout instead">/app/backend/tests/test_security_fixes.py:135: Raw reset token unavailable in logs (correct after SEC-001); validated token_version bump via logout instead</skipped></testcase><testcase classname="backend.tests.test_security_fixes.TestSEC003PremiumStubRejected" name="test_verify_stub_order_returns_503_and_no_subscription" time="0.433" /><testcase classname="backend.tests.test_security_fixes.TestSEC004TransactionSearchLiteral" name="test_redos_pattern_returns_promptly_and_only_literal_matches" time="0.489" /><testcase classname="backend.tests.test_security_fixes.TestSEC005RestoreAllowlist" name="test_unknown_fields_dropped_and_user_id_is_caller" time="0.753" /><testcase classname="backend.tests.test_security_fixes.TestRegressionHappyPath" name="test_signup_login_me_txn_dashboard" time="6.319" /><testcase classname="backend.tests.test_security_fixes.TestRegressionHappyPath" name="test_demo_account_login" time="0.277" /></testsuite></testsuites>