<?xml version="1.0" encoding="utf-8"?><testsuites name="pytest tests"><testsuite name="pytest" errors="0" failures="0" skipped="0" tests="46" time="11.258" timestamp="2026-06-28T15:54:27.565924+00:00" hostname="agent-env-e1a43337-6bf2-4c44-8857-5f4ff96bcf0d"><testcase classname="backend.tests.test_fynora_api.TestAuth" name="test_root" time="0.288" /><testcase classname="backend.tests.test_fynora_api.TestAuth" name="test_login_success" time="0.270" /><testcase classname="backend.tests.test_fynora_api.TestAuth" name="test_login_wrong_password" time="0.266" /><testcase classname="backend.tests.test_fynora_api.TestAuth" name="test_me_without_token" time="0.043" /><testcase classname="backend.tests.test_fynora_api.TestAuth" name="test_me_with_token" time="0.044" /><testcase classname="backend.tests.test_fynora_api.TestAuth" name="test_signup_duplicate" time="0.042" /><testcase classname="backend.tests.test_fynora_api.TestAuth" name="test_signup_new_user" time="0.267" /><testcase classname="backend.tests.test_fynora_api.TestAuth" name="test_forgot_and_reset_password" time="0.848" /><testcase classname="backend.tests.test_fynora_api.TestAuth" name="test_reset_password_invalid_token" time="0.043" /><testcase classname="backend.tests.test_fynora_api.TestAuth" name="test_google_session_invalid" time="0.109" /><testcase classname="backend.tests.test_fynora_api.TestTransactions" name="test_create_txn_swiggy_food" time="0.044" /><testcase classname="backend.tests.test_fynora_api.TestTransactions" name="test_create_txn_amazon_shopping" time="0.046" /><testcase classname="backend.tests.test_fynora_api.TestTransactions" name="test_list_txns_month" time="0.045" /><testcase classname="backend.tests.test_fynora_api.TestTransactions" name="test_list_txns_today" time="0.043" /><testcase classname="backend.tests.test_fynora_api.TestTransactions" name="test_list_txns_week" time="0.046" /><testcase classname="backend.tests.test_fynora_api.TestTransactions" name="test_list_txns_all" time="0.044" /><testcase classname="backend.tests.test_fynora_api.TestTransactions" name="test_list_txns_filter_category" time="0.089" /><testcase classname="backend.tests.test_fynora_api.TestTransactions" name="test_list_txns_search" time="0.044" /><testcase classname="backend.tests.test_fynora_api.TestTransactions" name="test_parse_sms" time="0.049" /><testcase classname="backend.tests.test_fynora_api.TestTransactions" name="test_parse_sms_dedup" time="0.044" /><testcase classname="backend.tests.test_fynora_api.TestTransactions" name="test_delete_txn" time="0.090" /><testcase classname="backend.tests.test_fynora_api.TestDashboard" name="test_dashboard" time="0.047" /><testcase classname="backend.tests.test_fynora_api.TestDashboard" name="test_streak" time="0.047" /><testcase classname="backend.tests.test_fynora_api.TestDashboard" name="test_merchants" time="0.045" /><testcase classname="backend.tests.test_fynora_api.TestDashboard" name="test_calendar" time="0.046" /><testcase classname="backend.tests.test_fynora_api.TestDashboard" name="test_recurring" time="0.048" /><testcase classname="backend.tests.test_fynora_api.TestBudgets" name="test_create_budget" time="0.046" /><testcase classname="backend.tests.test_fynora_api.TestBudgets" name="test_list_budgets" time="0.046" /><testcase classname="backend.tests.test_fynora_api.TestBudgets" name="test_budget_upsert" time="0.088" /><testcase classname="backend.tests.test_fynora_api.TestBudgets" name="test_delete_budget" time="0.047" /><testcase classname="backend.tests.test_fynora_api.TestGoals" name="test_create_goal" time="0.045" /><testcase classname="backend.tests.test_fynora_api.TestGoals" name="test_list_goals" time="0.050" /><testcase classname="backend.tests.test_fynora_api.TestGoals" name="test_update_goal" time="0.096" /><testcase classname="backend.tests.test_fynora_api.TestGoals" name="test_delete_goal" time="0.046" /><testcase classname="backend.tests.test_fynora_api.TestInsights" name="test_insights" time="0.046" /><testcase classname="backend.tests.test_fynora_api.TestInsights" name="test_insights_refresh" time="6.287" /><testcase classname="backend.tests.test_fynora_api.TestInsights" name="test_weekly_report" time="0.045" /><testcase classname="backend.tests.test_fynora_api.TestInsights" name="test_achievements" time="0.049" /><testcase classname="backend.tests.test_fynora_api.TestMisc" name="test_settings_patch" time="0.051" /><testcase classname="backend.tests.test_fynora_api.TestMisc" name="test_export_csv" time="0.049" /><testcase classname="backend.tests.test_fynora_api.TestMisc" name="test_register_push_expected_500" time="0.108" /><testcase classname="backend.tests.test_fynora_api.TestBackupRestore" name="test_backup_export" time="0.586" /><testcase classname="backend.tests.test_fynora_api.TestBackupRestore" name="test_restore_replace_false_no_dupes" time="0.140" /><testcase classname="backend.tests.test_fynora_api.TestBackupRestore" name="test_restore_replace_true_wipes_existing" time="0.224" /><testcase classname="backend.tests.test_fynora_api.TestBackupRestore" name="test_restore_unauthorized" time="0.043" /><testcase classname="backend.tests.test_fynora_api.TestBackupRestore" name="test_backup_unauthorized" time="0.043" /></testsuite></testsuites>