<?xml version="1.0" encoding="utf-8"?><testsuites name="pytest tests"><testsuite name="pytest" errors="0" failures="0" skipped="2" tests="12" time="13.631" timestamp="2026-06-30T09:34:11.881947+00:00" hostname="agent-env-a0064790-ed63-4eb5-8930-981e2f22805b"><testcase classname="backend.tests.test_security_fixes.TestSEC001ForgotPasswordNoTokenLeak" name="test_forgot_password_existing_email_does_not_leak_token" time="0.742" /><testcase classname="backend.tests.test_security_fixes.TestSEC001ForgotPasswordNoTokenLeak" name="test_forgot_password_non_existing_email_same_response" time="0.574" /><testcase classname="backend.tests.test_security_fixes.TestSEC001ForgotPasswordNoTokenLeak" name="test_reset_password_with_never_issued_token_returns_400" time="0.042" /><testcase classname="backend.tests.test_security_fixes.TestSEC001ForgotPasswordNoTokenLeak" name="test_reset_password_token_is_single_use" time="0.573"><skipped type="pytest.skip" message="Reset token not exposed in logs (expected after SEC-001 fix); cannot self-issue &amp; test single-use without DB access">/app/backend/tests/test_security_fixes.py:76: Reset token not exposed in logs (expected after SEC-001 fix); cannot self-issue &amp; test single-use without DB access</skipped></testcase><testcase classname="backend.tests.test_security_fixes.TestSEC002TokenVersionRevocation" name="test_login_token_has_tv_claim" time="0.305" /><testcase classname="backend.tests.test_security_fixes.TestSEC002TokenVersionRevocation" name="test_logout_revokes_old_jwt" time="0.437" /><testcase classname="backend.tests.test_security_fixes.TestSEC002TokenVersionRevocation" name="test_password_reset_invalidates_old_jwt" time="0.697"><skipped type="pytest.skip" message="Raw reset token unavailable in logs (correct after SEC-001); validated token_version bump via logout instead">/app/backend/tests/test_security_fixes.py:135: Raw reset token unavailable in logs (correct after SEC-001); validated token_version bump via logout instead</skipped></testcase><testcase classname="backend.tests.test_security_fixes.TestSEC003PremiumStubRejected" name="test_verify_stub_order_returns_503_and_no_subscription" time="0.436" /><testcase classname="backend.tests.test_security_fixes.TestSEC004TransactionSearchLiteral" name="test_redos_pattern_returns_promptly_and_only_literal_matches" time="0.585" /><testcase classname="backend.tests.test_security_fixes.TestSEC005RestoreAllowlist" name="test_unknown_fields_dropped_and_user_id_is_caller" time="0.740" /><testcase classname="backend.tests.test_security_fixes.TestRegressionHappyPath" name="test_signup_login_me_txn_dashboard" time="8.168" /><testcase classname="backend.tests.test_security_fixes.TestRegressionHappyPath" name="test_demo_account_login" time="0.265" /></testsuite></testsuites>